<?xml version="1.0" encoding="UTF-8"?>
<!-- Generated by org.testng.reporters.JUnitReportReporter -->
<testsuite hostname="COMPL-036-Mounisha" failures="0" tests="1" name="test.login" time="10.362" errors="0" timestamp="2024-03-26T11:52:14 IST" skipped="0">
  <testcase classname="test.login" name="browser" time="10.362"/>
</testsuite> <!-- test.login -->
