<?xml version="1.0" encoding="UTF-8"?>
<!-- Generated by org.testng.reporters.JUnitReportReporter -->
<testsuite hostname="COMPL-030-PrasannanV" failures="0" tests="2" name="test.login" time="16.012" errors="0" timestamp="2024-03-26T12:36:38 IST" skipped="0">
  <testcase classname="test.login" name="browser" time="7.643"/>
  <testcase classname="test.login" name="browser" time="8.369"/>
</testsuite> <!-- test.login -->
